<?xml version="1.0" encoding="UTF-8"?>
<testng-results ignored="0" total="1" passed="1" failed="0" skipped="0">
  <reporter-output>
  </reporter-output>
  <suite started-at="2020-05-05T16:40:54 IST" name="Default suite" finished-at="2020-05-05T16:41:08 IST" duration-ms="13794">
    <groups>
    </groups>
    <test started-at="2020-05-05T16:40:54 IST" name="Default test" finished-at="2020-05-05T16:41:08 IST" duration-ms="13794">
      <class name="testCases.LoginApplication">
        <test-method signature="login()[pri:0, instance:testCases.LoginApplication@fdefd3f]" started-at="2020-05-05T16:40:54 IST" name="login" finished-at="2020-05-05T16:41:08 IST" duration-ms="13727" status="PASS">
          <reporter-output>
          </reporter-output>
        </test-method> <!-- login -->
      </class> <!-- testCases.LoginApplication -->
    </test> <!-- Default test -->
  </suite> <!-- Default suite -->
</testng-results>
